<?xml version="1.0" encoding="utf-8"?>
<TestRun id="107d62fc-43d9-4625-bdb8-009458141cb7" name="JamesChurcher@DESKTOP-J313TKJ 2024-02-15 12:04:30" runUser="AzureAD\JamesChurcher" xmlns="http://microsoft.com/schemas/VisualStudio/TeamTest/2010">
  <Times creation="2024-02-15T12:04:30.7467413+00:00" queuing="2024-02-15T12:04:30.7467418+00:00" start="2024-02-15T12:04:28.7634248+00:00" finish="2024-02-15T12:05:50.1934602+00:00" />
  <TestSettings name="default" id="df610b81-069a-4854-94f0-0c3a71707f6c">
    <Deployment runDeploymentRoot="JamesChurcher_DESKTOP-J313TKJ_2024-02-15_12_04_30" />
  </TestSettings>
  <Results>
    <UnitTestResult executionId="f7070cb5-a354-4d13-9742-0035ee92632f" testId="6439003e-0b5b-0bb1-4f57-5618de6e22fe" testName="formsDemo" computerName="DESKTOP-J313TKJ" duration="00:00:10.7193460" startTime="2024-02-15T12:04:29.4704799+00:00" endTime="2024-02-15T12:04:40.1898247+00:00" testType="13cdc9d9-ddb5-4fa4-a97d-d965ccfc6d4b" outcome="Failed" testListId="8c84fa94-04c1-424b-9868-57a2d4851a1d" relativeResultsDirectory="f7070cb5-a354-4d13-9742-0035ee92632f">
      <Output>
        <StdOut>Element was not there but dont crash&#xD;
OpenQA.Selenium.NoSuchElementException: no such element: Unable to locate element: {"method":"css selector","selector":"#NOSUCHELEMENT"}&#xD;
  (Session info: MicrosoftEdge=121.0.2277.112); For documentation on this error, please visit: https://www.selenium.dev/documentation/webdriver/troubleshooting/errors#no-such-element-exception&#xD;
   at OpenQA.Selenium.WebDriver.UnpackAndThrowOnError(Response errorResponse, String commandToExecute)&#xD;
   at OpenQA.Selenium.WebDriver.Execute(String driverCommandToExecute, Dictionary`2 parameters)&#xD;
   at OpenQA.Selenium.WebDriver.FindElement(String mechanism, String value)&#xD;
   at OpenQA.Selenium.By.&lt;.ctor&gt;b__11_0(ISearchContext context)&#xD;
   at OpenQA.Selenium.By.FindElement(ISearchContext context)&#xD;
   at OpenQA.Selenium.WebDriver.FindElement(By by)&#xD;
   at uk.co.edgewords.nfocus6.webdriverdemo.WebDriverTests.FormsDemoTest.formsDemo() in C:\Users\JamesChurcher\source\repos\uk.co.edgewords.nfocus6.webdriverdemo\uk.co.edgewords.nfocus6.webdriverdemo\WebDriverTests\FormsDemoTest.cs:line 115&#xD;
Collection was empty - expected element not found</StdOut>
        <ErrorInfo>
          <Message>  Assert.That(driver.FindElement(By.Id("textInputValue")).Text, Is.EqualTo("Stephen"))&#xD;
  Expected string length 7 but was 5. Strings differ at index 3.&#xD;
  Expected: "Stephen"&#xD;
  But was:  "Steve"&#xD;
  --------------^&#xD;
</Message>
          <StackTrace>   at uk.co.edgewords.nfocus6.webdriverdemo.WebDriverTests.FormsDemoTest.formsDemo() in C:\Users\JamesChurcher\source\repos\uk.co.edgewords.nfocus6.webdriverdemo\uk.co.edgewords.nfocus6.webdriverdemo\WebDriverTests\FormsDemoTest.cs:line 98&#xD;

1)    at uk.co.edgewords.nfocus6.webdriverdemo.WebDriverTests.FormsDemoTest.formsDemo() in C:\Users\JamesChurcher\source\repos\uk.co.edgewords.nfocus6.webdriverdemo\uk.co.edgewords.nfocus6.webdriverdemo\WebDriverTests\FormsDemoTest.cs:line 98&#xD;

</StackTrace>
        </ErrorInfo>
      </Output>
    </UnitTestResult>
    <UnitTestResult executionId="8b995ece-eb05-4ef7-ac0a-9ce7a028dbc8" testId="3dd2df95-f105-d755-4ca7-b54214aa64cd" testName="Test2" computerName="DESKTOP-J313TKJ" duration="00:00:00.0042630" startTime="2024-02-15T12:04:29.4632100+00:00" endTime="2024-02-15T12:04:29.4674729+00:00" testType="13cdc9d9-ddb5-4fa4-a97d-d965ccfc6d4b" outcome="Failed" testListId="8c84fa94-04c1-424b-9868-57a2d4851a1d" relativeResultsDirectory="8b995ece-eb05-4ef7-ac0a-9ce7a028dbc8">
      <Output>
        <ErrorInfo>
          <StackTrace>   at uk.co.edgewords.nfocus6.webdriverdemo.Tests.Test2() in C:\Users\JamesChurcher\source\repos\uk.co.edgewords.nfocus6.webdriverdemo\uk.co.edgewords.nfocus6.webdriverdemo\UnitTest1.cs:line 19&#xD;

1)    at uk.co.edgewords.nfocus6.webdriverdemo.Tests.Test2() in C:\Users\JamesChurcher\source\repos\uk.co.edgewords.nfocus6.webdriverdemo\uk.co.edgewords.nfocus6.webdriverdemo\UnitTest1.cs:line 19&#xD;

</StackTrace>
        </ErrorInfo>
      </Output>
    </UnitTestResult>
    <UnitTestResult executionId="44793347-811b-4d2d-b917-461f3ab464de" testId="7e8a0f82-88ec-7395-8411-d9f790f9c2e2" testName="CrDebugTest" computerName="DESKTOP-J313TKJ" duration="00:00:13.0108940" startTime="2024-02-15T12:05:18.0438155+00:00" endTime="2024-02-15T12:05:31.0547084+00:00" testType="13cdc9d9-ddb5-4fa4-a97d-d965ccfc6d4b" outcome="Passed" testListId="8c84fa94-04c1-424b-9868-57a2d4851a1d" relativeResultsDirectory="44793347-811b-4d2d-b917-461f3ab464de" />
    <UnitTestResult executionId="5afc2dcc-37a8-48f7-955c-cd9e00bbc57f" testId="6b8b5b78-27c7-ff0e-3cf0-06c9d35fc1ad" testName="DragDropDemo" computerName="DESKTOP-J313TKJ" duration="00:00:11.6133390" startTime="2024-02-15T12:04:51.1175478+00:00" endTime="2024-02-15T12:05:02.7308856+00:00" testType="13cdc9d9-ddb5-4fa4-a97d-d965ccfc6d4b" outcome="Passed" testListId="8c84fa94-04c1-424b-9868-57a2d4851a1d" relativeResultsDirectory="5afc2dcc-37a8-48f7-955c-cd9e00bbc57f" />
    <UnitTestResult executionId="0ca69567-db2b-4ffc-a5cf-21cd7e06e05c" testId="4a8e20d9-b70a-5a50-85b6-ab2419da0393" testName="FxDebugTest" computerName="DESKTOP-J313TKJ" duration="00:00:18.9846170" startTime="2024-02-15T12:05:31.0550775+00:00" endTime="2024-02-15T12:05:50.0396937+00:00" testType="13cdc9d9-ddb5-4fa4-a97d-d965ccfc6d4b" outcome="Passed" testListId="8c84fa94-04c1-424b-9868-57a2d4851a1d" relativeResultsDirectory="0ca69567-db2b-4ffc-a5cf-21cd7e06e05c" />
    <UnitTestResult executionId="f6302c22-c478-4944-a9d7-78ae6f10bf9e" testId="7af553c5-afa3-a6db-a9a1-b97e2ae15295" testName="FirstTest" computerName="DESKTOP-J313TKJ" duration="00:00:07.9763540" startTime="2024-02-15T12:05:02.7312289+00:00" endTime="2024-02-15T12:05:10.7075821+00:00" testType="13cdc9d9-ddb5-4fa4-a97d-d965ccfc6d4b" outcome="Passed" testListId="8c84fa94-04c1-424b-9868-57a2d4851a1d" relativeResultsDirectory="f6302c22-c478-4944-a9d7-78ae6f10bf9e">
      <Output>
        <StdOut>Start test&#xD;
Should be on Login page. Heading text is: Access and Authentication&#xD;
The typed username text is &#xD;
The typed text is actually : edgewords&#xD;
Finish test</StdOut>
      </Output>
    </UnitTestResult>
    <UnitTestResult executionId="95e8606d-658c-4b56-975e-d030761c36de" testId="5ab1e5ba-30b0-4a16-5b0b-19ac6fed3bb5" testName="SearchItem" computerName="DESKTOP-J313TKJ" duration="00:00:07.3355780" startTime="2024-02-15T12:05:10.7080908+00:00" endTime="2024-02-15T12:05:18.0436689+00:00" testType="13cdc9d9-ddb5-4fa4-a97d-d965ccfc6d4b" outcome="Passed" testListId="8c84fa94-04c1-424b-9868-57a2d4851a1d" relativeResultsDirectory="95e8606d-658c-4b56-975e-d030761c36de">
      <Output>
        <StdOut>Test completed</StdOut>
      </Output>
    </UnitTestResult>
    <UnitTestResult executionId="0999c0dd-79ae-440a-8391-c5d82466fba0" testId="0aa788f1-07eb-a2fc-a25c-4781dd82df8b" testName="CustomWaitDemoTest" computerName="DESKTOP-J313TKJ" duration="00:00:10.9248120" startTime="2024-02-15T12:04:40.1925888+00:00" endTime="2024-02-15T12:04:51.1173997+00:00" testType="13cdc9d9-ddb5-4fa4-a97d-d965ccfc6d4b" outcome="Passed" testListId="8c84fa94-04c1-424b-9868-57a2d4851a1d" relativeResultsDirectory="0999c0dd-79ae-440a-8391-c5d82466fba0">
      <Output>
        <StdOut>Start test</StdOut>
      </Output>
    </UnitTestResult>
    <UnitTestResult executionId="3272a377-7d5f-4931-97fa-15cdd76d8eca" testId="3fe9e988-9a70-084e-ef80-bd11bb513a92" testName="Test1" computerName="DESKTOP-J313TKJ" duration="00:00:00.0194030" startTime="2024-02-15T12:04:29.4431238+00:00" endTime="2024-02-15T12:04:29.4624987+00:00" testType="13cdc9d9-ddb5-4fa4-a97d-d965ccfc6d4b" outcome="Passed" testListId="8c84fa94-04c1-424b-9868-57a2d4851a1d" relativeResultsDirectory="3272a377-7d5f-4931-97fa-15cdd76d8eca" />
  </Results>
  <TestDefinitions>
    <UnitTest name="SearchItem" storage="c:\users\jameschurcher\source\repos\uk.co.edgewords.nfocus6.webdriverdemo\uk.co.edgewords.nfocus6.webdriverdemo\bin\debug\net6.0\uk.co.edgewords.nfocus6.webdriverdemo.dll" id="5ab1e5ba-30b0-4a16-5b0b-19ac6fed3bb5">
      <Execution id="95e8606d-658c-4b56-975e-d030761c36de" />
      <TestMethod codeBase="C:\Users\JamesChurcher\source\repos\uk.co.edgewords.nfocus6.webdriverdemo\uk.co.edgewords.nfocus6.webdriverdemo\bin\Debug\net6.0\uk.co.edgewords.nfocus6.webdriverdemo.dll" adapterTypeName="executor://nunit3testexecutor/" className="uk.co.edgewords.nfocus6.webdriverdemo.WebDriverTests.ProductSearch" name="SearchItem" />
    </UnitTest>
    <UnitTest name="CustomWaitDemoTest" storage="c:\users\jameschurcher\source\repos\uk.co.edgewords.nfocus6.webdriverdemo\uk.co.edgewords.nfocus6.webdriverdemo\bin\debug\net6.0\uk.co.edgewords.nfocus6.webdriverdemo.dll" id="0aa788f1-07eb-a2fc-a25c-4781dd82df8b">
      <Execution id="0999c0dd-79ae-440a-8391-c5d82466fba0" />
      <TestMethod codeBase="C:\Users\JamesChurcher\source\repos\uk.co.edgewords.nfocus6.webdriverdemo\uk.co.edgewords.nfocus6.webdriverdemo\bin\Debug\net6.0\uk.co.edgewords.nfocus6.webdriverdemo.dll" adapterTypeName="executor://nunit3testexecutor/" className="uk.co.edgewords.nfocus6.webdriverdemo.WebDriverTests.HelloWebDriver" name="CustomWaitDemoTest" />
    </UnitTest>
    <UnitTest name="FxDebugTest" storage="c:\users\jameschurcher\source\repos\uk.co.edgewords.nfocus6.webdriverdemo\uk.co.edgewords.nfocus6.webdriverdemo\bin\debug\net6.0\uk.co.edgewords.nfocus6.webdriverdemo.dll" id="4a8e20d9-b70a-5a50-85b6-ab2419da0393">
      <Execution id="0ca69567-db2b-4ffc-a5cf-21cd7e06e05c" />
      <TestMethod codeBase="C:\Users\JamesChurcher\source\repos\uk.co.edgewords.nfocus6.webdriverdemo\uk.co.edgewords.nfocus6.webdriverdemo\bin\Debug\net6.0\uk.co.edgewords.nfocus6.webdriverdemo.dll" adapterTypeName="executor://nunit3testexecutor/" className="uk.co.edgewords.nfocus6.webdriverdemo.WebDriverTests.SeleniumManagerTests" name="FxDebugTest" />
    </UnitTest>
    <UnitTest name="FirstTest" storage="c:\users\jameschurcher\source\repos\uk.co.edgewords.nfocus6.webdriverdemo\uk.co.edgewords.nfocus6.webdriverdemo\bin\debug\net6.0\uk.co.edgewords.nfocus6.webdriverdemo.dll" id="7af553c5-afa3-a6db-a9a1-b97e2ae15295">
      <Execution id="f6302c22-c478-4944-a9d7-78ae6f10bf9e" />
      <TestMethod codeBase="C:\Users\JamesChurcher\source\repos\uk.co.edgewords.nfocus6.webdriverdemo\uk.co.edgewords.nfocus6.webdriverdemo\bin\Debug\net6.0\uk.co.edgewords.nfocus6.webdriverdemo.dll" adapterTypeName="executor://nunit3testexecutor/" className="uk.co.edgewords.nfocus6.webdriverdemo.WebDriverTests.HelloWebDriver" name="FirstTest" />
    </UnitTest>
    <UnitTest name="CrDebugTest" storage="c:\users\jameschurcher\source\repos\uk.co.edgewords.nfocus6.webdriverdemo\uk.co.edgewords.nfocus6.webdriverdemo\bin\debug\net6.0\uk.co.edgewords.nfocus6.webdriverdemo.dll" id="7e8a0f82-88ec-7395-8411-d9f790f9c2e2">
      <Execution id="44793347-811b-4d2d-b917-461f3ab464de" />
      <TestMethod codeBase="C:\Users\JamesChurcher\source\repos\uk.co.edgewords.nfocus6.webdriverdemo\uk.co.edgewords.nfocus6.webdriverdemo\bin\Debug\net6.0\uk.co.edgewords.nfocus6.webdriverdemo.dll" adapterTypeName="executor://nunit3testexecutor/" className="uk.co.edgewords.nfocus6.webdriverdemo.WebDriverTests.SeleniumManagerTests" name="CrDebugTest" />
    </UnitTest>
    <UnitTest name="Test2" storage="c:\users\jameschurcher\source\repos\uk.co.edgewords.nfocus6.webdriverdemo\uk.co.edgewords.nfocus6.webdriverdemo\bin\debug\net6.0\uk.co.edgewords.nfocus6.webdriverdemo.dll" id="3dd2df95-f105-d755-4ca7-b54214aa64cd">
      <Execution id="8b995ece-eb05-4ef7-ac0a-9ce7a028dbc8" />
      <TestMethod codeBase="C:\Users\JamesChurcher\source\repos\uk.co.edgewords.nfocus6.webdriverdemo\uk.co.edgewords.nfocus6.webdriverdemo\bin\Debug\net6.0\uk.co.edgewords.nfocus6.webdriverdemo.dll" adapterTypeName="executor://nunit3testexecutor/" className="uk.co.edgewords.nfocus6.webdriverdemo.Tests" name="Test2" />
    </UnitTest>
    <UnitTest name="formsDemo" storage="c:\users\jameschurcher\source\repos\uk.co.edgewords.nfocus6.webdriverdemo\uk.co.edgewords.nfocus6.webdriverdemo\bin\debug\net6.0\uk.co.edgewords.nfocus6.webdriverdemo.dll" id="6439003e-0b5b-0bb1-4f57-5618de6e22fe">
      <Execution id="f7070cb5-a354-4d13-9742-0035ee92632f" />
      <TestMethod codeBase="C:\Users\JamesChurcher\source\repos\uk.co.edgewords.nfocus6.webdriverdemo\uk.co.edgewords.nfocus6.webdriverdemo\bin\Debug\net6.0\uk.co.edgewords.nfocus6.webdriverdemo.dll" adapterTypeName="executor://nunit3testexecutor/" className="uk.co.edgewords.nfocus6.webdriverdemo.WebDriverTests.FormsDemoTest" name="formsDemo" />
    </UnitTest>
    <UnitTest name="Test1" storage="c:\users\jameschurcher\source\repos\uk.co.edgewords.nfocus6.webdriverdemo\uk.co.edgewords.nfocus6.webdriverdemo\bin\debug\net6.0\uk.co.edgewords.nfocus6.webdriverdemo.dll" id="3fe9e988-9a70-084e-ef80-bd11bb513a92">
      <Execution id="3272a377-7d5f-4931-97fa-15cdd76d8eca" />
      <TestMethod codeBase="C:\Users\JamesChurcher\source\repos\uk.co.edgewords.nfocus6.webdriverdemo\uk.co.edgewords.nfocus6.webdriverdemo\bin\Debug\net6.0\uk.co.edgewords.nfocus6.webdriverdemo.dll" adapterTypeName="executor://nunit3testexecutor/" className="uk.co.edgewords.nfocus6.webdriverdemo.Tests" name="Test1" />
    </UnitTest>
    <UnitTest name="DragDropDemo" storage="c:\users\jameschurcher\source\repos\uk.co.edgewords.nfocus6.webdriverdemo\uk.co.edgewords.nfocus6.webdriverdemo\bin\debug\net6.0\uk.co.edgewords.nfocus6.webdriverdemo.dll" id="6b8b5b78-27c7-ff0e-3cf0-06c9d35fc1ad">
      <Execution id="5afc2dcc-37a8-48f7-955c-cd9e00bbc57f" />
      <TestMethod codeBase="C:\Users\JamesChurcher\source\repos\uk.co.edgewords.nfocus6.webdriverdemo\uk.co.edgewords.nfocus6.webdriverdemo\bin\Debug\net6.0\uk.co.edgewords.nfocus6.webdriverdemo.dll" adapterTypeName="executor://nunit3testexecutor/" className="uk.co.edgewords.nfocus6.webdriverdemo.WebDriverTests.HelloWebDriver" name="DragDropDemo" />
    </UnitTest>
  </TestDefinitions>
  <TestEntries>
    <TestEntry testId="6439003e-0b5b-0bb1-4f57-5618de6e22fe" executionId="f7070cb5-a354-4d13-9742-0035ee92632f" testListId="8c84fa94-04c1-424b-9868-57a2d4851a1d" />
    <TestEntry testId="3dd2df95-f105-d755-4ca7-b54214aa64cd" executionId="8b995ece-eb05-4ef7-ac0a-9ce7a028dbc8" testListId="8c84fa94-04c1-424b-9868-57a2d4851a1d" />
    <TestEntry testId="7e8a0f82-88ec-7395-8411-d9f790f9c2e2" executionId="44793347-811b-4d2d-b917-461f3ab464de" testListId="8c84fa94-04c1-424b-9868-57a2d4851a1d" />
    <TestEntry testId="6b8b5b78-27c7-ff0e-3cf0-06c9d35fc1ad" executionId="5afc2dcc-37a8-48f7-955c-cd9e00bbc57f" testListId="8c84fa94-04c1-424b-9868-57a2d4851a1d" />
    <TestEntry testId="4a8e20d9-b70a-5a50-85b6-ab2419da0393" executionId="0ca69567-db2b-4ffc-a5cf-21cd7e06e05c" testListId="8c84fa94-04c1-424b-9868-57a2d4851a1d" />
    <TestEntry testId="7af553c5-afa3-a6db-a9a1-b97e2ae15295" executionId="f6302c22-c478-4944-a9d7-78ae6f10bf9e" testListId="8c84fa94-04c1-424b-9868-57a2d4851a1d" />
    <TestEntry testId="5ab1e5ba-30b0-4a16-5b0b-19ac6fed3bb5" executionId="95e8606d-658c-4b56-975e-d030761c36de" testListId="8c84fa94-04c1-424b-9868-57a2d4851a1d" />
    <TestEntry testId="0aa788f1-07eb-a2fc-a25c-4781dd82df8b" executionId="0999c0dd-79ae-440a-8391-c5d82466fba0" testListId="8c84fa94-04c1-424b-9868-57a2d4851a1d" />
    <TestEntry testId="3fe9e988-9a70-084e-ef80-bd11bb513a92" executionId="3272a377-7d5f-4931-97fa-15cdd76d8eca" testListId="8c84fa94-04c1-424b-9868-57a2d4851a1d" />
  </TestEntries>
  <TestLists>
    <TestList name="Results Not in a List" id="8c84fa94-04c1-424b-9868-57a2d4851a1d" />
    <TestList name="All Loaded Results" id="19431567-8539-422a-85d7-44ee4e166bda" />
  </TestLists>
  <ResultSummary outcome="Failed">
    <Counters total="9" executed="9" passed="7" failed="2" error="0" timeout="0" aborted="0" inconclusive="0" passedButRunAborted="0" notRunnable="0" notExecuted="0" disconnected="0" warning="0" completed="0" inProgress="0" pending="0" />
    <Output>
      <StdOut>NUnit Adapter 4.5.0.0: Test execution started&#xD;
Running all tests in C:\Users\JamesChurcher\source\repos\uk.co.edgewords.nfocus6.webdriverdemo\uk.co.edgewords.nfocus6.webdriverdemo\bin\Debug\net6.0\uk.co.edgewords.nfocus6.webdriverdemo.dll&#xD;
   NUnit3TestExecutor discovered 9 of 9 NUnit test cases using Current Discovery mode, Non-Explicit run&#xD;
NUnit Adapter 4.5.0.0: Test execution complete&#xD;
</StdOut>
    </Output>
    <RunInfos>
      <RunInfo computerName="DESKTOP-J313TKJ" outcome="Warning" timestamp="2024-02-15T12:04:40.1911903+00:00">
        <Text>Element was not there but dont crash&#xD;
OpenQA.Selenium.NoSuchElementException: no such element: Unable to locate element: {"method":"css selector","selector":"#NOSUCHELEMENT"}&#xD;
  (Session info: MicrosoftEdge=121.0.2277.112); For documentation on this error, please visit: https://www.selenium.dev/documentation/webdriver/troubleshooting/errors#no-such-element-exception&#xD;
   at OpenQA.Selenium.WebDriver.UnpackAndThrowOnError(Response errorResponse, String commandToExecute)&#xD;
   at OpenQA.Selenium.WebDriver.Execute(String driverCommandToExecute, Dictionary`2 parameters)&#xD;
   at OpenQA.Selenium.WebDriver.FindElement(String mechanism, String value)&#xD;
   at OpenQA.Selenium.By.&lt;.ctor&gt;b__11_0(ISearchContext context)&#xD;
   at OpenQA.Selenium.By.FindElement(ISearchContext context)&#xD;
   at OpenQA.Selenium.WebDriver.FindElement(By by)&#xD;
   at uk.co.edgewords.nfocus6.webdriverdemo.WebDriverTests.FormsDemoTest.formsDemo() in C:\Users\JamesChurcher\source\repos\uk.co.edgewords.nfocus6.webdriverdemo\uk.co.edgewords.nfocus6.webdriverdemo\WebDriverTests\FormsDemoTest.cs:line 115&#xD;
Collection was empty - expected element not found&#xD;
</Text>
      </RunInfo>
      <RunInfo computerName="DESKTOP-J313TKJ" outcome="Warning" timestamp="2024-02-15T12:04:51.1193788+00:00">
        <Text>Start test&#xD;
</Text>
      </RunInfo>
      <RunInfo computerName="DESKTOP-J313TKJ" outcome="Warning" timestamp="2024-02-15T12:05:10.7085538+00:00">
        <Text>Start test&#xD;
Should be on Login page. Heading text is: Access and Authentication&#xD;
The typed username text is &#xD;
The typed text is actually : edgewords&#xD;
Finish test&#xD;
</Text>
      </RunInfo>
      <RunInfo computerName="DESKTOP-J313TKJ" outcome="Warning" timestamp="2024-02-15T12:05:18.0440642+00:00">
        <Text>Test completed&#xD;
</Text>
      </RunInfo>
    </RunInfos>
  </ResultSummary>
</TestRun>